c:\users\othma\documents\pro\pro\debug\vc142.pdb
c:\users\othma\documents\pro\pro\debug\.netframework,version=v4.7.2.assemblyattributes.obj
c:\users\othma\documents\pro\pro\debug\source.obj
c:\users\othma\documents\pro\pro\debug\bankrecord.obj
c:\users\othma\documents\pro\pro\debug\myform11.obj
c:\users\othma\documents\pro\pro\debug\myform.obj
c:\users\othma\documents\pro\debug\pro.exe
c:\users\othma\documents\pro\debug\pro.pdb
c:\users\othma\documents\pro\pro\debug\pro.myform.resources
c:\users\othma\documents\pro\pro\debug\pro.myform11.resources
c:\users\othma\documents\pro\pro\debug\pro.resource.resources
c:\users\othma\documents\bank gui clr proj\pro\debug\pro.vcxproj.generateresource.cache
c:\users\othma\documents\bank gui clr proj\pro\debug\pro.vcxprojassemblyreference.cache
c:\users\othma\documents\bank gui clr proj\pro\debug\.netframework,version=v4.7.2.assemblyattributes.obj
c:\users\othma\documents\bank gui clr proj\pro\debug\bankrecord.obj
c:\users\othma\documents\bank gui clr proj\pro\debug\myform.obj
c:\users\othma\documents\bank gui clr proj\pro\debug\myform11.obj
c:\users\othma\documents\bank gui clr proj\pro\debug\source.obj
c:\users\othma\documents\bank gui clr proj\pro\debug\pro.myform.resources
c:\users\othma\documents\bank gui clr proj\pro\debug\pro.myform11.resources
c:\users\othma\documents\bank gui clr proj\pro\debug\pro.resource.resources
c:\users\othma\documents\bank gui clr proj\pro\debug\vc142.pdb
c:\users\othma\documents\bank gui clr proj\debug\pro.pdb
c:\users\othma\documents\bank gui clr proj\debug\pro.exe
c:\users\othma\documents\bank gui clr proj\pro\debug\pro.tlog\cl.command.1.tlog
c:\users\othma\documents\bank gui clr proj\pro\debug\pro.tlog\cl.read.1.tlog
c:\users\othma\documents\bank gui clr proj\pro\debug\pro.tlog\cl.write.1.tlog
c:\users\othma\documents\bank gui clr proj\pro\debug\pro.tlog\link.command.1.tlog
c:\users\othma\documents\bank gui clr proj\pro\debug\pro.tlog\link.read.1.tlog
c:\users\othma\documents\bank gui clr proj\pro\debug\pro.tlog\link.write.1.tlog
c:\users\othma\documents\bank gui clr proj\pro\debug\pro.tlog\metagen.read.1.tlog
c:\users\othma\documents\bank gui clr proj\pro\debug\pro.tlog\metagen.write.1.tlog
c:\users\othma\documents\bank gui clr proj\pro\debug\pro.tlog\pro.write.1u.tlog
